Build output check failed:
    Regex: 'command line option .* is valid for .* but not for C\+\+'
    Output line: 'cc1plus: warning: command line option ‘-Wmissing-prototypes’ is valid for C/ObjC but not for C++'
Compilation failed:
    source file: '/home/pi/Documents/CSCE_462/vizion/venv/lib/python2.7/site-packages/opencv-3.3.0/release/CMakeFiles/CMakeTmp/src.cxx'
    check option: ' -fsigned-char -W -Wall -Werror=return-type -Werror=non-virtual-dtor -Werror=address -Werror=sequence-point -Wformat -Werror=format-security -Wmissing-declarations  -Wmissing-prototypes'
===== BUILD LOG =====
Change Dir: /home/pi/Documents/CSCE_462/vizion/venv/lib/python2.7/site-packages/opencv-3.3.0/release/CMakeFiles/CMakeTmp

Run Build Command:"/usr/bin/make" "cmTC_369a0/fast"
/usr/bin/make -f CMakeFiles/cmTC_369a0.dir/build.make CMakeFiles/cmTC_369a0.dir/build
make[1]: Entering directory '/home/pi/Documents/CSCE_462/vizion/venv/lib/python2.7/site-packages/opencv-3.3.0/release/CMakeFiles/CMakeTmp'
Building CXX object CMakeFiles/cmTC_369a0.dir/src.cxx.o
/usr/bin/c++     -fsigned-char -W -Wall -Werror=return-type -Werror=non-virtual-dtor -Werror=address -Werror=sequence-point -Wformat -Werror=format-security -Wmissing-declarations -Wmissing-prototypes -o CMakeFiles/cmTC_369a0.dir/src.cxx.o -c /home/pi/Documents/CSCE_462/vizion/venv/lib/python2.7/site-packages/opencv-3.3.0/release/CMakeFiles/CMakeTmp/src.cxx
cc1plus: warning: command line option ‘-Wmissing-prototypes’ is valid for C/ObjC but not for C++
/home/pi/Documents/CSCE_462/vizion/venv/lib/python2.7/site-packages/opencv-3.3.0/release/CMakeFiles/CMakeTmp/src.cxx:1:0: warning: ignoring #pragma   [-Wunknown-pragmas]
 #pragma
 
Linking CXX executable cmTC_369a0
/usr/bin/cmake -E cmake_link_script CMakeFiles/cmTC_369a0.dir/link.txt --verbose=1
/usr/bin/c++        CMakeFiles/cmTC_369a0.dir/src.cxx.o  -o cmTC_369a0 -rdynamic 
make[1]: Leaving directory '/home/pi/Documents/CSCE_462/vizion/venv/lib/python2.7/site-packages/opencv-3.3.0/release/CMakeFiles/CMakeTmp'

===== END =====

Build output check failed:
    Regex: 'command line option .* is valid for .* but not for C\+\+'
    Output line: 'cc1plus: warning: command line option ‘-Wstrict-prototypes’ is valid for C/ObjC but not for C++'
Compilation failed:
    source file: '/home/pi/Documents/CSCE_462/vizion/venv/lib/python2.7/site-packages/opencv-3.3.0/release/CMakeFiles/CMakeTmp/src.cxx'
    check option: ' -fsigned-char -W -Wall -Werror=return-type -Werror=non-virtual-dtor -Werror=address -Werror=sequence-point -Wformat -Werror=format-security -Wmissing-declarations  -Wstrict-prototypes'
===== BUILD LOG =====
Change Dir: /home/pi/Documents/CSCE_462/vizion/venv/lib/python2.7/site-packages/opencv-3.3.0/release/CMakeFiles/CMakeTmp

Run Build Command:"/usr/bin/make" "cmTC_05ca2/fast"
/usr/bin/make -f CMakeFiles/cmTC_05ca2.dir/build.make CMakeFiles/cmTC_05ca2.dir/build
make[1]: Entering directory '/home/pi/Documents/CSCE_462/vizion/venv/lib/python2.7/site-packages/opencv-3.3.0/release/CMakeFiles/CMakeTmp'
Building CXX object CMakeFiles/cmTC_05ca2.dir/src.cxx.o
/usr/bin/c++     -fsigned-char -W -Wall -Werror=return-type -Werror=non-virtual-dtor -Werror=address -Werror=sequence-point -Wformat -Werror=format-security -Wmissing-declarations -Wstrict-prototypes -o CMakeFiles/cmTC_05ca2.dir/src.cxx.o -c /home/pi/Documents/CSCE_462/vizion/venv/lib/python2.7/site-packages/opencv-3.3.0/release/CMakeFiles/CMakeTmp/src.cxx
cc1plus: warning: command line option ‘-Wstrict-prototypes’ is valid for C/ObjC but not for C++
/home/pi/Documents/CSCE_462/vizion/venv/lib/python2.7/site-packages/opencv-3.3.0/release/CMakeFiles/CMakeTmp/src.cxx:1:0: warning: ignoring #pragma   [-Wunknown-pragmas]
 #pragma
 
Linking CXX executable cmTC_05ca2
/usr/bin/cmake -E cmake_link_script CMakeFiles/cmTC_05ca2.dir/link.txt --verbose=1
/usr/bin/c++        CMakeFiles/cmTC_05ca2.dir/src.cxx.o  -o cmTC_05ca2 -rdynamic 
make[1]: Leaving directory '/home/pi/Documents/CSCE_462/vizion/venv/lib/python2.7/site-packages/opencv-3.3.0/release/CMakeFiles/CMakeTmp'

===== END =====

Build output check failed:
    Regex: 'command line option .* is valid for .* but not for C'
    Output line: 'cc1: warning: command line option ‘-Wsign-promo’ is valid for C++/ObjC++ but not for C'
Compilation failed:
    source file: '/home/pi/Documents/CSCE_462/vizion/venv/lib/python2.7/site-packages/opencv-3.3.0/release/CMakeFiles/CMakeTmp/src.c'
    check option: ' -fsigned-char -W -Wall -Werror=return-type -Werror=non-virtual-dtor -Werror=address -Werror=sequence-point -Wformat -Werror=format-security -Wmissing-declarations -Wmissing-prototypes -Wstrict-prototypes -Wundef -Winit-self -Wpointer-arith -Wshadow  -Wsign-promo'
===== BUILD LOG =====
Change Dir: /home/pi/Documents/CSCE_462/vizion/venv/lib/python2.7/site-packages/opencv-3.3.0/release/CMakeFiles/CMakeTmp

Run Build Command:"/usr/bin/make" "cmTC_8956c/fast"
/usr/bin/make -f CMakeFiles/cmTC_8956c.dir/build.make CMakeFiles/cmTC_8956c.dir/build
make[1]: Entering directory '/home/pi/Documents/CSCE_462/vizion/venv/lib/python2.7/site-packages/opencv-3.3.0/release/CMakeFiles/CMakeTmp'
Building C object CMakeFiles/cmTC_8956c.dir/src.c.o
/usr/bin/cc    -fsigned-char -W -Wall -Werror=return-type -Werror=non-virtual-dtor -Werror=address -Werror=sequence-point -Wformat -Werror=format-security -Wmissing-declarations -Wmissing-prototypes -Wstrict-prototypes -Wundef -Winit-self -Wpointer-arith -Wshadow -Wsign-promo -o CMakeFiles/cmTC_8956c.dir/src.c.o   -c /home/pi/Documents/CSCE_462/vizion/venv/lib/python2.7/site-packages/opencv-3.3.0/release/CMakeFiles/CMakeTmp/src.c
cc1: warning: command line option ‘-Wsign-promo’ is valid for C++/ObjC++ but not for C
/home/pi/Documents/CSCE_462/vizion/venv/lib/python2.7/site-packages/opencv-3.3.0/release/CMakeFiles/CMakeTmp/src.c:1:0: warning: ignoring #pragma   [-Wunknown-pragmas]
 #pragma
 
Linking C executable cmTC_8956c
/usr/bin/cmake -E cmake_link_script CMakeFiles/cmTC_8956c.dir/link.txt --verbose=1
/usr/bin/cc       CMakeFiles/cmTC_8956c.dir/src.c.o  -o cmTC_8956c -rdynamic 
make[1]: Leaving directory '/home/pi/Documents/CSCE_462/vizion/venv/lib/python2.7/site-packages/opencv-3.3.0/release/CMakeFiles/CMakeTmp'

===== END =====

Build output check failed:
    Regex: 'command line option .* is valid for .* but not for C'
    Output line: 'cc1: warning: command line option ‘-Wno-delete-non-virtual-dtor’ is valid for C++/ObjC++ but not for C'
Compilation failed:
    source file: '/home/pi/Documents/CSCE_462/vizion/venv/lib/python2.7/site-packages/opencv-3.3.0/release/CMakeFiles/CMakeTmp/src.c'
    check option: ' -fsigned-char -W -Wall -Werror=return-type -Werror=non-virtual-dtor -Werror=address -Werror=sequence-point -Wformat -Werror=format-security -Wmissing-declarations -Wmissing-prototypes -Wstrict-prototypes -Wundef -Winit-self -Wpointer-arith -Wshadow -Wuninitialized -Winit-self -Wno-narrowing  -Wno-delete-non-virtual-dtor'
===== BUILD LOG =====
Change Dir: /home/pi/Documents/CSCE_462/vizion/venv/lib/python2.7/site-packages/opencv-3.3.0/release/CMakeFiles/CMakeTmp

Run Build Command:"/usr/bin/make" "cmTC_c9f45/fast"
/usr/bin/make -f CMakeFiles/cmTC_c9f45.dir/build.make CMakeFiles/cmTC_c9f45.dir/build
make[1]: Entering directory '/home/pi/Documents/CSCE_462/vizion/venv/lib/python2.7/site-packages/opencv-3.3.0/release/CMakeFiles/CMakeTmp'
Building C object CMakeFiles/cmTC_c9f45.dir/src.c.o
/usr/bin/cc    -fsigned-char -W -Wall -Werror=return-type -Werror=non-virtual-dtor -Werror=address -Werror=sequence-point -Wformat -Werror=format-security -Wmissing-declarations -Wmissing-prototypes -Wstrict-prototypes -Wundef -Winit-self -Wpointer-arith -Wshadow -Wuninitialized -Winit-self -Wno-narrowing -Wno-delete-non-virtual-dtor -o CMakeFiles/cmTC_c9f45.dir/src.c.o   -c /home/pi/Documents/CSCE_462/vizion/venv/lib/python2.7/site-packages/opencv-3.3.0/release/CMakeFiles/CMakeTmp/src.c
cc1: warning: command line option ‘-Wno-delete-non-virtual-dtor’ is valid for C++/ObjC++ but not for C
/home/pi/Documents/CSCE_462/vizion/venv/lib/python2.7/site-packages/opencv-3.3.0/release/CMakeFiles/CMakeTmp/src.c:1:0: warning: ignoring #pragma   [-Wunknown-pragmas]
 #pragma
 
Linking C executable cmTC_c9f45
/usr/bin/cmake -E cmake_link_script CMakeFiles/cmTC_c9f45.dir/link.txt --verbose=1
/usr/bin/cc       CMakeFiles/cmTC_c9f45.dir/src.c.o  -o cmTC_c9f45 -rdynamic 
make[1]: Leaving directory '/home/pi/Documents/CSCE_462/vizion/venv/lib/python2.7/site-packages/opencv-3.3.0/release/CMakeFiles/CMakeTmp'

===== END =====

Build output check failed:
    Regex: 'unrecognized .*option'
    Output line: 'cc1plus: warning: unrecognized command line option ‘-Wno-unnamed-type-template-args’'
Compilation failed:
    source file: '/home/pi/Documents/CSCE_462/vizion/venv/lib/python2.7/site-packages/opencv-3.3.0/release/CMakeFiles/CMakeTmp/src.cxx'
    check option: ' -fsigned-char -W -Wall -Werror=return-type -Werror=non-virtual-dtor -Werror=address -Werror=sequence-point -Wformat -Werror=format-security -Wmissing-declarations -Wundef -Winit-self -Wpointer-arith -Wshadow -Wsign-promo -Wuninitialized -Winit-self -Wno-narrowing -Wno-delete-non-virtual-dtor  -Wno-unnamed-type-template-args'
===== BUILD LOG =====
Change Dir: /home/pi/Documents/CSCE_462/vizion/venv/lib/python2.7/site-packages/opencv-3.3.0/release/CMakeFiles/CMakeTmp

Run Build Command:"/usr/bin/make" "cmTC_2f180/fast"
/usr/bin/make -f CMakeFiles/cmTC_2f180.dir/build.make CMakeFiles/cmTC_2f180.dir/build
make[1]: Entering directory '/home/pi/Documents/CSCE_462/vizion/venv/lib/python2.7/site-packages/opencv-3.3.0/release/CMakeFiles/CMakeTmp'
Building CXX object CMakeFiles/cmTC_2f180.dir/src.cxx.o
/usr/bin/c++     -fsigned-char -W -Wall -Werror=return-type -Werror=non-virtual-dtor -Werror=address -Werror=sequence-point -Wformat -Werror=format-security -Wmissing-declarations -Wundef -Winit-self -Wpointer-arith -Wshadow -Wsign-promo -Wuninitialized -Winit-self -Wno-narrowing -Wno-delete-non-virtual-dtor -Wno-unnamed-type-template-args -o CMakeFiles/cmTC_2f180.dir/src.cxx.o -c /home/pi/Documents/CSCE_462/vizion/venv/lib/python2.7/site-packages/opencv-3.3.0/release/CMakeFiles/CMakeTmp/src.cxx
/home/pi/Documents/CSCE_462/vizion/venv/lib/python2.7/site-packages/opencv-3.3.0/release/CMakeFiles/CMakeTmp/src.cxx:1:0: warning: ignoring #pragma   [-Wunknown-pragmas]
 #pragma
 
cc1plus: warning: unrecognized command line option ‘-Wno-unnamed-type-template-args’
Linking CXX executable cmTC_2f180
/usr/bin/cmake -E cmake_link_script CMakeFiles/cmTC_2f180.dir/link.txt --verbose=1
/usr/bin/c++        CMakeFiles/cmTC_2f180.dir/src.cxx.o  -o cmTC_2f180 -rdynamic 
make[1]: Leaving directory '/home/pi/Documents/CSCE_462/vizion/venv/lib/python2.7/site-packages/opencv-3.3.0/release/CMakeFiles/CMakeTmp'

===== END =====

Build output check failed:
    Regex: 'unrecognized .*option'
    Output line: 'cc1: warning: unrecognized command line option ‘-Wno-unnamed-type-template-args’'
Compilation failed:
    source file: '/home/pi/Documents/CSCE_462/vizion/venv/lib/python2.7/site-packages/opencv-3.3.0/release/CMakeFiles/CMakeTmp/src.c'
    check option: ' -fsigned-char -W -Wall -Werror=return-type -Werror=non-virtual-dtor -Werror=address -Werror=sequence-point -Wformat -Werror=format-security -Wmissing-declarations -Wmissing-prototypes -Wstrict-prototypes -Wundef -Winit-self -Wpointer-arith -Wshadow -Wuninitialized -Winit-self -Wno-narrowing  -Wno-unnamed-type-template-args'
===== BUILD LOG =====
Change Dir: /home/pi/Documents/CSCE_462/vizion/venv/lib/python2.7/site-packages/opencv-3.3.0/release/CMakeFiles/CMakeTmp

Run Build Command:"/usr/bin/make" "cmTC_dc573/fast"
/usr/bin/make -f CMakeFiles/cmTC_dc573.dir/build.make CMakeFiles/cmTC_dc573.dir/build
make[1]: Entering directory '/home/pi/Documents/CSCE_462/vizion/venv/lib/python2.7/site-packages/opencv-3.3.0/release/CMakeFiles/CMakeTmp'
Building C object CMakeFiles/cmTC_dc573.dir/src.c.o
/usr/bin/cc    -fsigned-char -W -Wall -Werror=return-type -Werror=non-virtual-dtor -Werror=address -Werror=sequence-point -Wformat -Werror=format-security -Wmissing-declarations -Wmissing-prototypes -Wstrict-prototypes -Wundef -Winit-self -Wpointer-arith -Wshadow -Wuninitialized -Winit-self -Wno-narrowing -Wno-unnamed-type-template-args -o CMakeFiles/cmTC_dc573.dir/src.c.o   -c /home/pi/Documents/CSCE_462/vizion/venv/lib/python2.7/site-packages/opencv-3.3.0/release/CMakeFiles/CMakeTmp/src.c
/home/pi/Documents/CSCE_462/vizion/venv/lib/python2.7/site-packages/opencv-3.3.0/release/CMakeFiles/CMakeTmp/src.c:1:0: warning: ignoring #pragma   [-Wunknown-pragmas]
 #pragma
 
cc1: warning: unrecognized command line option ‘-Wno-unnamed-type-template-args’
Linking C executable cmTC_dc573
/usr/bin/cmake -E cmake_link_script CMakeFiles/cmTC_dc573.dir/link.txt --verbose=1
/usr/bin/cc       CMakeFiles/cmTC_dc573.dir/src.c.o  -o cmTC_dc573 -rdynamic 
make[1]: Leaving directory '/home/pi/Documents/CSCE_462/vizion/venv/lib/python2.7/site-packages/opencv-3.3.0/release/CMakeFiles/CMakeTmp'

===== END =====

Compilation failed:
    source file: '/home/pi/Documents/CSCE_462/vizion/venv/lib/python2.7/site-packages/opencv-3.3.0/cmake/checks/cpu_neon.cpp'
    check option: ''
===== BUILD LOG =====
Change Dir: /home/pi/Documents/CSCE_462/vizion/venv/lib/python2.7/site-packages/opencv-3.3.0/release/CMakeFiles/CMakeTmp

Run Build Command:"/usr/bin/make" "cmTC_5e908/fast"
/usr/bin/make -f CMakeFiles/cmTC_5e908.dir/build.make CMakeFiles/cmTC_5e908.dir/build
make[1]: Entering directory '/home/pi/Documents/CSCE_462/vizion/venv/lib/python2.7/site-packages/opencv-3.3.0/release/CMakeFiles/CMakeTmp'
Building CXX object CMakeFiles/cmTC_5e908.dir/cpu_neon.cpp.o
/usr/bin/c++      -o CMakeFiles/cmTC_5e908.dir/cpu_neon.cpp.o -c /home/pi/Documents/CSCE_462/vizion/venv/lib/python2.7/site-packages/opencv-3.3.0/cmake/checks/cpu_neon.cpp
/home/pi/Documents/CSCE_462/vizion/venv/lib/python2.7/site-packages/opencv-3.3.0/cmake/checks/cpu_neon.cpp:20:2: error: #error "NEON is not supported"
 #error "NEON is not supported"
  ^~~~~
/home/pi/Documents/CSCE_462/vizion/venv/lib/python2.7/site-packages/opencv-3.3.0/cmake/checks/cpu_neon.cpp: In function ‘int main()’:
/home/pi/Documents/CSCE_462/vizion/venv/lib/python2.7/site-packages/opencv-3.3.0/cmake/checks/cpu_neon.cpp:25:23: error: ‘test’ was not declared in this scope
   printf("%d\n", test());
                       ^
CMakeFiles/cmTC_5e908.dir/build.make:65: recipe for target 'CMakeFiles/cmTC_5e908.dir/cpu_neon.cpp.o' failed
make[1]: *** [CMakeFiles/cmTC_5e908.dir/cpu_neon.cpp.o] Error 1
make[1]: Leaving directory '/home/pi/Documents/CSCE_462/vizion/venv/lib/python2.7/site-packages/opencv-3.3.0/release/CMakeFiles/CMakeTmp'
Makefile:126: recipe for target 'cmTC_5e908/fast' failed
make: *** [cmTC_5e908/fast] Error 2

===== END =====

Compilation failed:
    source file: '/home/pi/Documents/CSCE_462/vizion/venv/lib/python2.7/site-packages/opencv-3.3.0/cmake/checks/cpu_fp16.cpp'
    check option: ''
===== BUILD LOG =====
Change Dir: /home/pi/Documents/CSCE_462/vizion/venv/lib/python2.7/site-packages/opencv-3.3.0/release/CMakeFiles/CMakeTmp

Run Build Command:"/usr/bin/make" "cmTC_079b6/fast"
/usr/bin/make -f CMakeFiles/cmTC_079b6.dir/build.make CMakeFiles/cmTC_079b6.dir/build
make[1]: Entering directory '/home/pi/Documents/CSCE_462/vizion/venv/lib/python2.7/site-packages/opencv-3.3.0/release/CMakeFiles/CMakeTmp'
Building CXX object CMakeFiles/cmTC_079b6.dir/cpu_fp16.cpp.o
/usr/bin/c++      -o CMakeFiles/cmTC_079b6.dir/cpu_fp16.cpp.o -c /home/pi/Documents/CSCE_462/vizion/venv/lib/python2.7/site-packages/opencv-3.3.0/cmake/checks/cpu_fp16.cpp
/home/pi/Documents/CSCE_462/vizion/venv/lib/python2.7/site-packages/opencv-3.3.0/cmake/checks/cpu_fp16.cpp: In function ‘int test()’:
/home/pi/Documents/CSCE_462/vizion/venv/lib/python2.7/site-packages/opencv-3.3.0/cmake/checks/cpu_fp16.cpp:21:5: error: ‘float16x4_t’ was not declared in this scope
     float16x4_t v_dst = vcvt_f16_f32(v_src);
     ^~~~~~~~~~~
/home/pi/Documents/CSCE_462/vizion/venv/lib/python2.7/site-packages/opencv-3.3.0/cmake/checks/cpu_fp16.cpp:22:19: error: expected primary-expression before ‘)’ token
     *(float16x4_t*)dst = v_dst;
                   ^
CMakeFiles/cmTC_079b6.dir/build.make:65: recipe for target 'CMakeFiles/cmTC_079b6.dir/cpu_fp16.cpp.o' failed
make[1]: *** [CMakeFiles/cmTC_079b6.dir/cpu_fp16.cpp.o] Error 1
make[1]: Leaving directory '/home/pi/Documents/CSCE_462/vizion/venv/lib/python2.7/site-packages/opencv-3.3.0/release/CMakeFiles/CMakeTmp'
Makefile:126: recipe for target 'cmTC_079b6/fast' failed
make: *** [cmTC_079b6/fast] Error 2

===== END =====

Compilation failed:
    source file: '/home/pi/Documents/CSCE_462/vizion/venv/lib/python2.7/site-packages/opencv-3.3.0/cmake/checks/cpu_fp16.cpp'
    check option: ' -mfpu=neon-fp16'
===== BUILD LOG =====
Change Dir: /home/pi/Documents/CSCE_462/vizion/venv/lib/python2.7/site-packages/opencv-3.3.0/release/CMakeFiles/CMakeTmp

Run Build Command:"/usr/bin/make" "cmTC_ea286/fast"
/usr/bin/make -f CMakeFiles/cmTC_ea286.dir/build.make CMakeFiles/cmTC_ea286.dir/build
make[1]: Entering directory '/home/pi/Documents/CSCE_462/vizion/venv/lib/python2.7/site-packages/opencv-3.3.0/release/CMakeFiles/CMakeTmp'
Building CXX object CMakeFiles/cmTC_ea286.dir/cpu_fp16.cpp.o
/usr/bin/c++     -mfpu=neon-fp16 -o CMakeFiles/cmTC_ea286.dir/cpu_fp16.cpp.o -c /home/pi/Documents/CSCE_462/vizion/venv/lib/python2.7/site-packages/opencv-3.3.0/cmake/checks/cpu_fp16.cpp
/home/pi/Documents/CSCE_462/vizion/venv/lib/python2.7/site-packages/opencv-3.3.0/cmake/checks/cpu_fp16.cpp: In function ‘int test()’:
/home/pi/Documents/CSCE_462/vizion/venv/lib/python2.7/site-packages/opencv-3.3.0/cmake/checks/cpu_fp16.cpp:21:5: error: ‘float16x4_t’ was not declared in this scope
     float16x4_t v_dst = vcvt_f16_f32(v_src);
     ^~~~~~~~~~~
/home/pi/Documents/CSCE_462/vizion/venv/lib/python2.7/site-packages/opencv-3.3.0/cmake/checks/cpu_fp16.cpp:22:19: error: expected primary-expression before ‘)’ token
     *(float16x4_t*)dst = v_dst;
                   ^
CMakeFiles/cmTC_ea286.dir/build.make:65: recipe for target 'CMakeFiles/cmTC_ea286.dir/cpu_fp16.cpp.o' failed
make[1]: *** [CMakeFiles/cmTC_ea286.dir/cpu_fp16.cpp.o] Error 1
make[1]: Leaving directory '/home/pi/Documents/CSCE_462/vizion/venv/lib/python2.7/site-packages/opencv-3.3.0/release/CMakeFiles/CMakeTmp'
Makefile:126: recipe for target 'cmTC_ea286/fast' failed
make: *** [cmTC_ea286/fast] Error 2

===== END =====

Build output check failed:
    Regex: 'command line option .* is valid for .* but not for C'
    Output line: 'cc1: warning: command line option ‘-fvisibility-inlines-hidden’ is valid for C++/ObjC++ but not for C'
Compilation failed:
    source file: '/home/pi/Documents/CSCE_462/vizion/venv/lib/python2.7/site-packages/opencv-3.3.0/release/CMakeFiles/CMakeTmp/src.c'
    check option: ' -fsigned-char -W -Wall -Werror=return-type -Werror=non-virtual-dtor -Werror=address -Werror=sequence-point -Wformat -Werror=format-security -Wmissing-declarations -Wmissing-prototypes -Wstrict-prototypes -Wundef -Winit-self -Wpointer-arith -Wshadow -Wuninitialized -Winit-self -Wno-narrowing -Wno-comment -fdiagnostics-show-option -pthread -fomit-frame-pointer -ffunction-sections  -mfp16-format=ieee -fvisibility=hidden  -fvisibility-inlines-hidden'
===== BUILD LOG =====
Change Dir: /home/pi/Documents/CSCE_462/vizion/venv/lib/python2.7/site-packages/opencv-3.3.0/release/CMakeFiles/CMakeTmp

Run Build Command:"/usr/bin/make" "cmTC_71ea7/fast"
/usr/bin/make -f CMakeFiles/cmTC_71ea7.dir/build.make CMakeFiles/cmTC_71ea7.dir/build
make[1]: Entering directory '/home/pi/Documents/CSCE_462/vizion/venv/lib/python2.7/site-packages/opencv-3.3.0/release/CMakeFiles/CMakeTmp'
Building C object CMakeFiles/cmTC_71ea7.dir/src.c.o
/usr/bin/cc    -fsigned-char -W -Wall -Werror=return-type -Werror=non-virtual-dtor -Werror=address -Werror=sequence-point -Wformat -Werror=format-security -Wmissing-declarations -Wmissing-prototypes -Wstrict-prototypes -Wundef -Winit-self -Wpointer-arith -Wshadow -Wuninitialized -Winit-self -Wno-narrowing -Wno-comment -fdiagnostics-show-option -pthread -fomit-frame-pointer -ffunction-sections -mfp16-format=ieee -fvisibility=hidden -fvisibility-inlines-hidden -o CMakeFiles/cmTC_71ea7.dir/src.c.o   -c /home/pi/Documents/CSCE_462/vizion/venv/lib/python2.7/site-packages/opencv-3.3.0/release/CMakeFiles/CMakeTmp/src.c
cc1: warning: command line option ‘-fvisibility-inlines-hidden’ is valid for C++/ObjC++ but not for C
/home/pi/Documents/CSCE_462/vizion/venv/lib/python2.7/site-packages/opencv-3.3.0/release/CMakeFiles/CMakeTmp/src.c:1:0: warning: ignoring #pragma   [-Wunknown-pragmas]
 #pragma
 
Linking C executable cmTC_71ea7
/usr/bin/cmake -E cmake_link_script CMakeFiles/cmTC_71ea7.dir/link.txt --verbose=1
/usr/bin/cc       CMakeFiles/cmTC_71ea7.dir/src.c.o  -o cmTC_71ea7 -rdynamic 
make[1]: Leaving directory '/home/pi/Documents/CSCE_462/vizion/venv/lib/python2.7/site-packages/opencv-3.3.0/release/CMakeFiles/CMakeTmp'

===== END =====

Determining if the include file linux/videodev.h exists failed with the following output:
Change Dir: /home/pi/Documents/CSCE_462/vizion/venv/lib/python2.7/site-packages/opencv-3.3.0/release/CMakeFiles/CMakeTmp

Run Build Command:"/usr/bin/make" "cmTC_da040/fast"
/usr/bin/make -f CMakeFiles/cmTC_da040.dir/build.make CMakeFiles/cmTC_da040.dir/build
make[1]: Entering directory '/home/pi/Documents/CSCE_462/vizion/venv/lib/python2.7/site-packages/opencv-3.3.0/release/CMakeFiles/CMakeTmp'
Building C object CMakeFiles/cmTC_da040.dir/CheckIncludeFile.c.o
/usr/bin/cc    -fsigned-char -W -Wall -Werror=return-type -Werror=non-virtual-dtor -Werror=address -Werror=sequence-point -Wformat -Werror=format-security -Wmissing-declarations -Wmissing-prototypes -Wstrict-prototypes -Wundef -Winit-self -Wpointer-arith -Wshadow -Wuninitialized -Winit-self -Wno-narrowing -Wno-comment -fdiagnostics-show-option -pthread -fomit-frame-pointer -ffunction-sections  -mfp16-format=ieee -fvisibility=hidden    -o CMakeFiles/cmTC_da040.dir/CheckIncludeFile.c.o   -c /home/pi/Documents/CSCE_462/vizion/venv/lib/python2.7/site-packages/opencv-3.3.0/release/CMakeFiles/CMakeTmp/CheckIncludeFile.c
/home/pi/Documents/CSCE_462/vizion/venv/lib/python2.7/site-packages/opencv-3.3.0/release/CMakeFiles/CMakeTmp/CheckIncludeFile.c:1:28: fatal error: linux/videodev.h: No such file or directory
 #include <linux/videodev.h>
                            ^
compilation terminated.
CMakeFiles/cmTC_da040.dir/build.make:65: recipe for target 'CMakeFiles/cmTC_da040.dir/CheckIncludeFile.c.o' failed
make[1]: *** [CMakeFiles/cmTC_da040.dir/CheckIncludeFile.c.o] Error 1
make[1]: Leaving directory '/home/pi/Documents/CSCE_462/vizion/venv/lib/python2.7/site-packages/opencv-3.3.0/release/CMakeFiles/CMakeTmp'
Makefile:126: recipe for target 'cmTC_da040/fast' failed
make: *** [cmTC_da040/fast] Error 2


Determining if the include file sys/videoio.h exists failed with the following output:
Change Dir: /home/pi/Documents/CSCE_462/vizion/venv/lib/python2.7/site-packages/opencv-3.3.0/release/CMakeFiles/CMakeTmp

Run Build Command:"/usr/bin/make" "cmTC_3548a/fast"
/usr/bin/make -f CMakeFiles/cmTC_3548a.dir/build.make CMakeFiles/cmTC_3548a.dir/build
make[1]: Entering directory '/home/pi/Documents/CSCE_462/vizion/venv/lib/python2.7/site-packages/opencv-3.3.0/release/CMakeFiles/CMakeTmp'
Building C object CMakeFiles/cmTC_3548a.dir/CheckIncludeFile.c.o
/usr/bin/cc    -fsigned-char -W -Wall -Werror=return-type -Werror=non-virtual-dtor -Werror=address -Werror=sequence-point -Wformat -Werror=format-security -Wmissing-declarations -Wmissing-prototypes -Wstrict-prototypes -Wundef -Winit-self -Wpointer-arith -Wshadow -Wuninitialized -Winit-self -Wno-narrowing -Wno-comment -fdiagnostics-show-option -pthread -fomit-frame-pointer -ffunction-sections  -mfp16-format=ieee -fvisibility=hidden    -o CMakeFiles/cmTC_3548a.dir/CheckIncludeFile.c.o   -c /home/pi/Documents/CSCE_462/vizion/venv/lib/python2.7/site-packages/opencv-3.3.0/release/CMakeFiles/CMakeTmp/CheckIncludeFile.c
/home/pi/Documents/CSCE_462/vizion/venv/lib/python2.7/site-packages/opencv-3.3.0/release/CMakeFiles/CMakeTmp/CheckIncludeFile.c:1:25: fatal error: sys/videoio.h: No such file or directory
 #include <sys/videoio.h>
                         ^
compilation terminated.
CMakeFiles/cmTC_3548a.dir/build.make:65: recipe for target 'CMakeFiles/cmTC_3548a.dir/CheckIncludeFile.c.o' failed
make[1]: *** [CMakeFiles/cmTC_3548a.dir/CheckIncludeFile.c.o] Error 1
make[1]: Leaving directory '/home/pi/Documents/CSCE_462/vizion/venv/lib/python2.7/site-packages/opencv-3.3.0/release/CMakeFiles/CMakeTmp'
Makefile:126: recipe for target 'cmTC_3548a/fast' failed
make: *** [cmTC_3548a/fast] Error 2


Build output check failed:
    Regex: 'command line option .* is valid for .* but not for C\+\+'
    Output line: 'cc1plus: warning: command line option ‘-Wno-missing-prototypes’ is valid for C/ObjC but not for C++'
Compilation failed:
    source file: '/home/pi/Documents/CSCE_462/vizion/venv/lib/python2.7/site-packages/opencv-3.3.0/release/CMakeFiles/CMakeTmp/src.cxx'
    check option: ' -Wno-missing-prototypes'
===== BUILD LOG =====
Change Dir: /home/pi/Documents/CSCE_462/vizion/venv/lib/python2.7/site-packages/opencv-3.3.0/release/CMakeFiles/CMakeTmp

Run Build Command:"/usr/bin/make" "cmTC_7a676/fast"
/usr/bin/make -f CMakeFiles/cmTC_7a676.dir/build.make CMakeFiles/cmTC_7a676.dir/build
make[1]: Entering directory '/home/pi/Documents/CSCE_462/vizion/venv/lib/python2.7/site-packages/opencv-3.3.0/release/CMakeFiles/CMakeTmp'
Building CXX object CMakeFiles/cmTC_7a676.dir/src.cxx.o
/usr/bin/c++     -fsigned-char -W -Wall -Werror=return-type -Werror=non-virtual-dtor -Werror=address -Werror=sequence-point -Wformat -Werror=format-security -Wmissing-declarations -Wundef -Winit-self -Wpointer-arith -Wshadow -Wsign-promo -Wuninitialized -Winit-self -Wno-narrowing -Wno-delete-non-virtual-dtor -Wno-comment -fdiagnostics-show-option -pthread -fomit-frame-pointer -ffunction-sections  -mfp16-format=ieee -fvisibility=hidden -fvisibility-inlines-hidden -Wno-deprecated    -Wno-missing-prototypes -o CMakeFiles/cmTC_7a676.dir/src.cxx.o -c /home/pi/Documents/CSCE_462/vizion/venv/lib/python2.7/site-packages/opencv-3.3.0/release/CMakeFiles/CMakeTmp/src.cxx
cc1plus: warning: command line option ‘-Wno-missing-prototypes’ is valid for C/ObjC but not for C++
/home/pi/Documents/CSCE_462/vizion/venv/lib/python2.7/site-packages/opencv-3.3.0/release/CMakeFiles/CMakeTmp/src.cxx:1:0: warning: ignoring #pragma   [-Wunknown-pragmas]
 #pragma
 
Linking CXX executable cmTC_7a676
/usr/bin/cmake -E cmake_link_script CMakeFiles/cmTC_7a676.dir/link.txt --verbose=1
/usr/bin/c++      -fsigned-char -W -Wall -Werror=return-type -Werror=non-virtual-dtor -Werror=address -Werror=sequence-point -Wformat -Werror=format-security -Wmissing-declarations -Wundef -Winit-self -Wpointer-arith -Wshadow -Wsign-promo -Wuninitialized -Winit-self -Wno-narrowing -Wno-delete-non-virtual-dtor -Wno-comment -fdiagnostics-show-option -pthread -fomit-frame-pointer -ffunction-sections  -mfp16-format=ieee -fvisibility=hidden -fvisibility-inlines-hidden -Wno-deprecated      CMakeFiles/cmTC_7a676.dir/src.cxx.o  -o cmTC_7a676 -rdynamic 
make[1]: Leaving directory '/home/pi/Documents/CSCE_462/vizion/venv/lib/python2.7/site-packages/opencv-3.3.0/release/CMakeFiles/CMakeTmp'

===== END =====

Build output check failed:
    Regex: 'unrecognized .*option'
    Output line: 'cc1plus: warning: unrecognized command line option ‘-Wno-tautological-undefined-compare’'
Compilation failed:
    source file: '/home/pi/Documents/CSCE_462/vizion/venv/lib/python2.7/site-packages/opencv-3.3.0/release/CMakeFiles/CMakeTmp/src.cxx'
    check option: ' -Wno-tautological-undefined-compare'
===== BUILD LOG =====
Change Dir: /home/pi/Documents/CSCE_462/vizion/venv/lib/python2.7/site-packages/opencv-3.3.0/release/CMakeFiles/CMakeTmp

Run Build Command:"/usr/bin/make" "cmTC_ee35d/fast"
/usr/bin/make -f CMakeFiles/cmTC_ee35d.dir/build.make CMakeFiles/cmTC_ee35d.dir/build
make[1]: Entering directory '/home/pi/Documents/CSCE_462/vizion/venv/lib/python2.7/site-packages/opencv-3.3.0/release/CMakeFiles/CMakeTmp'
Building CXX object CMakeFiles/cmTC_ee35d.dir/src.cxx.o
/usr/bin/c++     -fsigned-char -W -Wall -Werror=return-type -Werror=non-virtual-dtor -Werror=address -Werror=sequence-point -Wformat -Werror=format-security   -Winit-self -Wpointer-arith   -Wuninitialized -Winit-self -Wno-narrowing -Wno-delete-non-virtual-dtor -Wno-comment -fdiagnostics-show-option -pthread -fomit-frame-pointer -ffunction-sections  -mfp16-format=ieee -fvisibility=hidden -fvisibility-inlines-hidden -Wno-deprecated -Wno-missing-declarations -Wno-shadow -Wno-unused-parameter -Wno-unused-local-typedefs -Wno-sign-compare -Wno-sign-promo -Wno-undef    -Wno-tautological-undefined-compare -o CMakeFiles/cmTC_ee35d.dir/src.cxx.o -c /home/pi/Documents/CSCE_462/vizion/venv/lib/python2.7/site-packages/opencv-3.3.0/release/CMakeFiles/CMakeTmp/src.cxx
/home/pi/Documents/CSCE_462/vizion/venv/lib/python2.7/site-packages/opencv-3.3.0/release/CMakeFiles/CMakeTmp/src.cxx:1:0: warning: ignoring #pragma   [-Wunknown-pragmas]
 #pragma
 
cc1plus: warning: unrecognized command line option ‘-Wno-tautological-undefined-compare’
Linking CXX executable cmTC_ee35d
/usr/bin/cmake -E cmake_link_script CMakeFiles/cmTC_ee35d.dir/link.txt --verbose=1
/usr/bin/c++      -fsigned-char -W -Wall -Werror=return-type -Werror=non-virtual-dtor -Werror=address -Werror=sequence-point -Wformat -Werror=format-security   -Winit-self -Wpointer-arith   -Wuninitialized -Winit-self -Wno-narrowing -Wno-delete-non-virtual-dtor -Wno-comment -fdiagnostics-show-option -pthread -fomit-frame-pointer -ffunction-sections  -mfp16-format=ieee -fvisibility=hidden -fvisibility-inlines-hidden -Wno-deprecated -Wno-missing-declarations -Wno-shadow -Wno-unused-parameter -Wno-unused-local-typedefs -Wno-sign-compare -Wno-sign-promo -Wno-undef      CMakeFiles/cmTC_ee35d.dir/src.cxx.o  -o cmTC_ee35d -rdynamic 
make[1]: Leaving directory '/home/pi/Documents/CSCE_462/vizion/venv/lib/python2.7/site-packages/opencv-3.3.0/release/CMakeFiles/CMakeTmp'

===== END =====

Build output check failed:
    Regex: 'unrecognized .*option'
    Output line: 'cc1plus: warning: unrecognized command line option ‘-Wno-shorten-64-to-32’'
Compilation failed:
    source file: '/home/pi/Documents/CSCE_462/vizion/venv/lib/python2.7/site-packages/opencv-3.3.0/release/CMakeFiles/CMakeTmp/src.cxx'
    check option: ' -Wno-shorten-64-to-32'
===== BUILD LOG =====
Change Dir: /home/pi/Documents/CSCE_462/vizion/venv/lib/python2.7/site-packages/opencv-3.3.0/release/CMakeFiles/CMakeTmp

Run Build Command:"/usr/bin/make" "cmTC_45d37/fast"
/usr/bin/make -f CMakeFiles/cmTC_45d37.dir/build.make CMakeFiles/cmTC_45d37.dir/build
make[1]: Entering directory '/home/pi/Documents/CSCE_462/vizion/venv/lib/python2.7/site-packages/opencv-3.3.0/release/CMakeFiles/CMakeTmp'
Building CXX object CMakeFiles/cmTC_45d37.dir/src.cxx.o
/usr/bin/c++     -fsigned-char -W -Wall -Werror=return-type -Werror=non-virtual-dtor -Werror=address -Werror=sequence-point -Wformat -Werror=format-security   -Winit-self -Wpointer-arith   -Wuninitialized -Winit-self -Wno-narrowing -Wno-delete-non-virtual-dtor -Wno-comment -fdiagnostics-show-option -pthread -fomit-frame-pointer -ffunction-sections  -mfp16-format=ieee -fvisibility=hidden -fvisibility-inlines-hidden -Wno-deprecated -Wno-missing-declarations -Wno-shadow -Wno-unused-parameter -Wno-unused-local-typedefs -Wno-sign-compare -Wno-sign-promo -Wno-undef -Wno-ignored-qualifiers -Wno-extra -Wno-unused-function -Wno-unused-const-variable    -Wno-shorten-64-to-32 -o CMakeFiles/cmTC_45d37.dir/src.cxx.o -c /home/pi/Documents/CSCE_462/vizion/venv/lib/python2.7/site-packages/opencv-3.3.0/release/CMakeFiles/CMakeTmp/src.cxx
/home/pi/Documents/CSCE_462/vizion/venv/lib/python2.7/site-packages/opencv-3.3.0/release/CMakeFiles/CMakeTmp/src.cxx:1:0: warning: ignoring #pragma   [-Wunknown-pragmas]
 #pragma
 
cc1plus: warning: unrecognized command line option ‘-Wno-shorten-64-to-32’
Linking CXX executable cmTC_45d37
/usr/bin/cmake -E cmake_link_script CMakeFiles/cmTC_45d37.dir/link.txt --verbose=1
/usr/bin/c++      -fsigned-char -W -Wall -Werror=return-type -Werror=non-virtual-dtor -Werror=address -Werror=sequence-point -Wformat -Werror=format-security   -Winit-self -Wpointer-arith   -Wuninitialized -Winit-self -Wno-narrowing -Wno-delete-non-virtual-dtor -Wno-comment -fdiagnostics-show-option -pthread -fomit-frame-pointer -ffunction-sections  -mfp16-format=ieee -fvisibility=hidden -fvisibility-inlines-hidden -Wno-deprecated -Wno-missing-declarations -Wno-shadow -Wno-unused-parameter -Wno-unused-local-typedefs -Wno-sign-compare -Wno-sign-promo -Wno-undef -Wno-ignored-qualifiers -Wno-extra -Wno-unused-function -Wno-unused-const-variable      CMakeFiles/cmTC_45d37.dir/src.cxx.o  -o cmTC_45d37 -rdynamic 
make[1]: Leaving directory '/home/pi/Documents/CSCE_462/vizion/venv/lib/python2.7/site-packages/opencv-3.3.0/release/CMakeFiles/CMakeTmp'

===== END =====

